{"target": 0.5312396694214876, "params": {"alpha": 9296.160998555386, "gama": -3.7344977816728564}, "datetime": {"datetime": "2022-06-27 18:33:35", "elapsed": 0.0, "delta": 0.0}}
{"target": 0.8872727272727273, "params": {"alpha": 1839.1889328521327, "gama": -4.181758885787842}, "datetime": {"datetime": "2022-06-27 18:33:42", "elapsed": 6.1326, "delta": 6.1326}}
{"target": 0.643305785123967, "params": {"alpha": 1840.0711991902847, "gama": -2.8342849134261923}, "datetime": {"datetime": "2022-06-27 18:33:48", "elapsed": 12.694519, "delta": 6.561919}}
{"target": 0.6026446280991735, "params": {"alpha": 6111.020419090486, "gama": -4.996464562335365}, "datetime": {"datetime": "2022-06-27 18:33:55", "elapsed": 19.127504, "delta": 6.432985}}
{"target": 0.5302479338842975, "params": {"alpha": 8851.068528102489, "gama": -3.408338226662529}, "datetime": {"datetime": "2022-06-27 18:34:00", "elapsed": 24.96121, "delta": 5.833706}}
{"target": 0.8813223140495868, "params": {"alpha": 1838.406697512403, "gama": -3.987893537697314}, "datetime": {"datetime": "2022-06-27 18:34:06", "elapsed": 30.572618, "delta": 5.611408}}
{"target": 0.4618181818181818, "params": {"alpha": 1836.980791552881, "gama": -1.3119188935398562}, "datetime": {"datetime": "2022-06-27 18:34:12", "elapsed": 36.947896, "delta": 6.375278}}
{"target": 0.6095867768595041, "params": {"alpha": 1168.458766309439, "gama": -2.2219737037019724}, "datetime": {"datetime": "2022-06-27 18:34:18", "elapsed": 42.475632, "delta": 5.527736}}
{"target": 0.9153719008264463, "params": {"alpha": 402.2595474685408, "gama": -4.8685799574248865}, "datetime": {"datetime": "2022-06-27 18:34:23", "elapsed": 47.916519, "delta": 5.440887}}
{"target": 0.9133884297520661, "params": {"alpha": 403.891569468005, "gama": -4.247497096901556}, "datetime": {"datetime": "2022-06-27 18:34:29", "elapsed": 53.667961, "delta": 5.751442}}
{"target": 0.9047933884297521, "params": {"alpha": 403.0296390064161, "gama": -2.6527308614959617}, "datetime": {"datetime": "2022-06-27 18:34:35", "elapsed": 59.614065, "delta": 5.946104}}
{"target": 0.6115702479338843, "params": {"alpha": 399.5174485577838, "gama": -1.5154140212859297}, "datetime": {"datetime": "2022-06-27 18:34:41", "elapsed": 65.878442, "delta": 6.264377}}
